<?xml version="1.0" encoding="UTF-8"?>
<testsuite name="Login in the pages Orange" tests="1" skipped="0" failures="0" errors="0" timestamp="2023-03-06T23:44:24" hostname="LAPTOP-QFD4VE3I" time="54.405">
  <properties/>
  <testcase name="sucess full login" classname="Login in the pages Orange" time="54.405"/>
  <system-out><![CDATA[
Scenario: sucess full login          ?[90m# src/test/resources/features/Login.feature:3?[0m
  ?[32mGiven ?[0m?[32mthe user access on the pages?[0m ?[90m# com.orange.stepDefinitions.LoginStepDefinitions.accessPages()?[0m
]]></system-out>
  <system-err><![CDATA[Starting ChromeDriver 110.0.5481.77 (65ed616c6e8ee3fe0ad64fe83796c020644d42af-refs/branch-heads/5481@{#839}) on port 3004
Only local connections are allowed.
Please see https://chromedriver.chromium.org/security-considerations for suggestions on keeping ChromeDriver safe.
ChromeDriver was started successfully.
[1678146270.822][WARNING]: virtual void DevToolsClientImpl::AddListener(DevToolsEventListener *) subscribing a listener to the already connected DevToolsClient. Connection notification will not arrive.
mar. 06, 2023 6:44:31 P. M. org.openqa.selenium.devtools.CdpVersionFinder findNearestMatch
WARNING: Unable to find an exact match for CDP version 110, so returning the closest version found: 108
]]></system-err>
</testsuite>
